# JRE version: OpenJDK Runtime Environment (8.0_242-b01) (build 1.8.0_242-release-1644-b01)
# Java VM: OpenJDK 64-Bit Server VM (25.242-b01 mixed mode windows-amd64 compressed oops)
Heap:
 PSYoungGen      total 663552K, used 552085K [0x00000000d5580000, 0x0000000100000000, 0x0000000100000000)
  eden space 651776K, 82% used [0x00000000d5580000,0x00000000f652b5f0,0x00000000fd200000)
  from space 11776K, 99% used [0x00000000fe800000,0x00000000ff37a090,0x00000000ff380000)
  to   space 22528K, 0% used [0x00000000fd200000,0x00000000fd200000,0x00000000fe800000)
 ParOldGen       total 148992K, used 48812K [0x0000000080000000, 0x0000000089180000, 0x00000000d5580000)
  object space 148992K, 32% used [0x0000000080000000,0x0000000082fab210,0x0000000089180000)
 Metaspace       used 52761K, capacity 55208K, committed 55464K, reserved 1097728K
  class space    used 6739K, capacity 7236K, committed 7336K, reserved 1048576K
GC Heap History (10 events):
Event: 16.747 GC heap before
{Heap before GC invocations=22 (full 2):
 PSYoungGen      total 576512K, used 567168K [0x00000000d5580000, 0x00000000ffc80000, 0x0000000100000000)
  eden space 563200K, 100% used [0x00000000d5580000,0x00000000f7b80000,0x00000000f7b80000)
  from space 13312K, 29% used [0x00000000f7b80000,0x00000000f7f60010,0x00000000f8880000)
  to   space 12800K, 0% used [0x00000000ff000000,0x00000000ff000000,0x00000000ffc80000)
 ParOldGen       total 148992K, used 32222K [0x0000000080000000, 0x0000000089180000, 0x00000000d5580000)
  object space 148992K, 21% used [0x0000000080000000,0x0000000081f77bb0,0x0000000089180000)
 Metaspace       used 37176K, capacity 38626K, committed 38952K, reserved 1083392K
  class space    used 4990K, capacity 5305K, committed 5416K, reserved 1048576K
Event: 16.753 GC heap after
Heap after GC invocations=22 (full 2):
 PSYoungGen      total 670720K, used 8544K [0x00000000d5580000, 0x00000000ff880000, 0x0000000100000000)
  eden space 662016K, 0% used [0x00000000d5580000,0x00000000d5580000,0x00000000fdc00000)
  from space 8704K, 98% used [0x00000000ff000000,0x00000000ff858010,0x00000000ff880000)
  to   space 13312K, 0% used [0x00000000fde80000,0x00000000fde80000,0x00000000feb80000)
 ParOldGen       total 148992K, used 32222K [0x0000000080000000, 0x0000000089180000, 0x00000000d5580000)
  object space 148992K, 21% used [0x0000000080000000,0x0000000081f77bb0,0x0000000089180000)
 Metaspace       used 37176K, capacity 38626K, committed 38952K, reserved 1083392K
  class space    used 4990K, capacity 5305K, committed 5416K, reserved 1048576K
}
Event: 19.968 GC heap before
{Heap before GC invocations=23 (full 2):
 PSYoungGen      total 670720K, used 670560K [0x00000000d5580000, 0x00000000ff880000, 0x0000000100000000)
  eden space 662016K, 100% used [0x00000000d5580000,0x00000000fdc00000,0x00000000fdc00000)
  from space 8704K, 98% used [0x00000000ff000000,0x00000000ff858010,0x00000000ff880000)
  to   space 13312K, 0% used [0x00000000fde80000,0x00000000fde80000,0x00000000feb80000)
 ParOldGen       total 148992K, used 32222K [0x0000000080000000, 0x0000000089180000, 0x00000000d5580000)
  object space 148992K, 21% used [0x0000000080000000,0x0000000081f77bb0,0x0000000089180000)
 Metaspace       used 37219K, capacity 38694K, committed 38952K, reserved 1083392K
  class space    used 4990K, capacity 5305K, committed 5416K, reserved 1048576K
Event: 19.970 GC heap after
Heap after GC invocations=23 (full 2):
 PSYoungGen      total 677888K, used 2400K [0x00000000d5580000, 0x0000000100000000, 0x0000000100000000)
  eden space 664576K, 0% used [0x00000000d5580000,0x00000000d5580000,0x00000000fde80000)
  from space 13312K, 18% used [0x00000000fde80000,0x00000000fe0d8010,0x00000000feb80000)
  to   space 13312K, 0% used [0x00000000ff300000,0x00000000ff300000,0x0000000100000000)
 ParOldGen       total 148992K, used 32230K [0x0000000080000000, 0x0000000089180000, 0x00000000d5580000)
  object space 148992K, 21% used [0x0000000080000000,0x0000000081f79bb0,0x0000000089180000)
 Metaspace       used 37219K, capacity 38694K, committed 38952K, reserved 1083392K
  class space    used 4990K, capacity 5305K, committed 5416K, reserved 1048576K
}
Event: 1149.061 GC heap before
{Heap before GC invocations=24 (full 2):
 PSYoungGen      total 677888K, used 666976K [0x00000000d5580000, 0x0000000100000000, 0x0000000100000000)
  eden space 664576K, 100% used [0x00000000d5580000,0x00000000fde80000,0x00000000fde80000)
  from space 13312K, 18% used [0x00000000fde80000,0x00000000fe0d8010,0x00000000feb80000)
  to   space 13312K, 0% used [0x00000000ff300000,0x00000000ff300000,0x0000000100000000)
 ParOldGen       total 148992K, used 32231K [0x0000000080000000, 0x0000000089180000, 0x00000000d5580000)
  object space 148992K, 21% used [0x0000000080000000,0x0000000081f79fd8,0x0000000089180000)
 Metaspace       used 52687K, capacity 55140K, committed 55464K, reserved 1097728K
  class space    used 6735K, capacity 7236K, committed 7336K, reserved 1048576K
Event: 1149.098 GC heap after
Heap after GC invocations=24 (full 2):
 PSYoungGen      total 650240K, used 13288K [0x00000000d5580000, 0x0000000100000000, 0x0000000100000000)
  eden space 636928K, 0% used [0x00000000d5580000,0x00000000d5580000,0x00000000fc380000)
  from space 13312K, 99% used [0x00000000ff300000,0x00000000ffffa0a0,0x0000000100000000)
  to   space 19456K, 0% used [0x00000000fda00000,0x00000000fda00000,0x00000000fed00000)
 ParOldGen       total 148992K, used 43004K [0x0000000080000000, 0x0000000089180000, 0x00000000d5580000)
  object space 148992K, 28% used [0x0000000080000000,0x00000000829ff228,0x0000000089180000)
 Metaspace       used 52687K, capacity 55140K, committed 55464K, reserved 1097728K
  class space    used 6735K, capacity 7236K, committed 7336K, reserved 1048576K
}
Event: 1150.078 GC heap before
{Heap before GC invocations=25 (full 2):
 PSYoungGen      total 650240K, used 650216K [0x00000000d5580000, 0x0000000100000000, 0x0000000100000000)
  eden space 636928K, 100% used [0x00000000d5580000,0x00000000fc380000,0x00000000fc380000)
  from space 13312K, 99% used [0x00000000ff300000,0x00000000ffffa0a0,0x0000000100000000)
  to   space 19456K, 0% used [0x00000000fda00000,0x00000000fda00000,0x00000000fed00000)
 ParOldGen       total 148992K, used 43047K [0x0000000080000000, 0x0000000089180000, 0x00000000d5580000)
  object space 148992K, 28% used [0x0000000080000000,0x0000000082a09d50,0x0000000089180000)
 Metaspace       used 52736K, capacity 55204K, committed 55464K, reserved 1097728K
  class space    used 6739K, capacity 7236K, committed 7336K, reserved 1048576K
Event: 1150.092 GC heap after
Heap after GC invocations=25 (full 2):
 PSYoungGen      total 625152K, used 14312K [0x00000000d5580000, 0x00000000ff380000, 0x0000000100000000)
  eden space 610816K, 0% used [0x00000000d5580000,0x00000000d5580000,0x00000000faa00000)
  from space 14336K, 99% used [0x00000000fda00000,0x00000000fe7fa0b0,0x00000000fe800000)
  to   space 11776K, 0% used [0x00000000fe800000,0x00000000fe800000,0x00000000ff380000)
 ParOldGen       total 148992K, used 44183K [0x0000000080000000, 0x0000000089180000, 0x00000000d5580000)
  object space 148992K, 29% used [0x0000000080000000,0x0000000082b25d70,0x0000000089180000)
 Metaspace       used 52736K, capacity 55204K, committed 55464K, reserved 1097728K
  class space    used 6739K, capacity 7236K, committed 7336K, reserved 1048576K
}
Event: 1150.791 GC heap before
{Heap before GC invocations=26 (full 2):
 PSYoungGen      total 625152K, used 625128K [0x00000000d5580000, 0x00000000ff380000, 0x0000000100000000)
  eden space 610816K, 100% used [0x00000000d5580000,0x00000000faa00000,0x00000000faa00000)
  from space 14336K, 99% used [0x00000000fda00000,0x00000000fe7fa0b0,0x00000000fe800000)
  to   space 11776K, 0% used [0x00000000fe800000,0x00000000fe800000,0x00000000ff380000)
 ParOldGen       total 148992K, used 44194K [0x0000000080000000, 0x0000000089180000, 0x00000000d5580000)
  object space 148992K, 29% used [0x0000000080000000,0x0000000082b28818,0x0000000089180000)
 Metaspace       used 52750K, capacity 55208K, committed 55464K, reserved 1097728K
  class space    used 6739K, capacity 7236K, committed 7336K, reserved 1048576K
Event: 1150.807 GC heap after
Heap after GC invocations=26 (full 2):
 PSYoungGen      total 663552K, used 11752K [0x00000000d5580000, 0x0000000100000000, 0x0000000100000000)
  eden space 651776K, 0% used [0x00000000d5580000,0x00000000d5580000,0x00000000fd200000)
  from space 11776K, 99% used [0x00000000fe800000,0x00000000ff37a090,0x00000000ff380000)
  to   space 22528K, 0% used [0x00000000fd200000,0x00000000fd200000,0x00000000fe800000)
 ParOldGen       total 148992K, used 48812K [0x0000000080000000, 0x0000000089180000, 0x00000000d5580000)
  object space 148992K, 32% used [0x0000000080000000,0x0000000082fab210,0x0000000089180000)
 Metaspace       used 52750K, capacity 55208K, committed 55464K, reserved 1097728K
  class space    used 6739K, capacity 7236K, committed 7336K, reserved 1048576K
}

