# JRE version: OpenJDK Runtime Environment (8.0_242-b01) (build 1.8.0_242-release-1644-b01)
# Java VM: OpenJDK 64-Bit Server VM (25.242-b01 mixed mode windows-amd64 compressed oops)
Heap:
 PSYoungGen      total 436736K, used 202623K [0x00000000d5580000, 0x00000000f4580000, 0x0000000100000000)
  eden space 424960K, 45% used [0x00000000d5580000,0x00000000e1437f60,0x00000000ef480000)
  from space 11776K, 62% used [0x00000000ef480000,0x00000000efba8010,0x00000000f0000000)
  to   space 11776K, 0% used [0x00000000f3a00000,0x00000000f3a00000,0x00000000f4580000)
 ParOldGen       total 152064K, used 35883K [0x0000000080000000, 0x0000000089480000, 0x00000000d5580000)
  object space 152064K, 23% used [0x0000000080000000,0x000000008230ae58,0x0000000089480000)
 Metaspace       used 40777K, capacity 42950K, committed 43136K, reserved 1087488K
  class space    used 5531K, capacity 6010K, committed 6016K, reserved 1048576K
GC Heap History (10 events):
Event: 13.091 GC heap before
{Heap before GC invocations=19 (full 2):
 PSYoungGen      total 373248K, used 371502K [0x00000000d5580000, 0x00000000ed880000, 0x0000000100000000)
  eden space 368640K, 100% used [0x00000000d5580000,0x00000000ebd80000,0x00000000ebd80000)
  from space 4608K, 62% used [0x00000000ed400000,0x00000000ed6cb838,0x00000000ed880000)
  to   space 13824K, 0% used [0x00000000ebd80000,0x00000000ebd80000,0x00000000ecb00000)
 ParOldGen       total 152064K, used 30322K [0x0000000080000000, 0x0000000089480000, 0x00000000d5580000)
  object space 152064K, 19% used [0x0000000080000000,0x0000000081d9c898,0x0000000089480000)
 Metaspace       used 40764K, capacity 42938K, committed 43136K, reserved 1087488K
  class space    used 5530K, capacity 6008K, committed 6016K, reserved 1048576K
Event: 13.097 GC heap after
Heap after GC invocations=19 (full 2):
 PSYoungGen      total 382464K, used 2720K [0x00000000d5580000, 0x00000000ed880000, 0x0000000100000000)
  eden space 368640K, 0% used [0x00000000d5580000,0x00000000d5580000,0x00000000ebd80000)
  from space 13824K, 19% used [0x00000000ebd80000,0x00000000ec0280b0,0x00000000ecb00000)
  to   space 4608K, 0% used [0x00000000ed400000,0x00000000ed400000,0x00000000ed880000)
 ParOldGen       total 152064K, used 32442K [0x0000000080000000, 0x0000000089480000, 0x00000000d5580000)
  object space 152064K, 21% used [0x0000000080000000,0x0000000081fae8a8,0x0000000089480000)
 Metaspace       used 40764K, capacity 42938K, committed 43136K, reserved 1087488K
  class space    used 5530K, capacity 6008K, committed 6016K, reserved 1048576K
}
Event: 13.668 GC heap before
{Heap before GC invocations=20 (full 2):
 PSYoungGen      total 382464K, used 371360K [0x00000000d5580000, 0x00000000ed880000, 0x0000000100000000)
  eden space 368640K, 100% used [0x00000000d5580000,0x00000000ebd80000,0x00000000ebd80000)
  from space 13824K, 19% used [0x00000000ebd80000,0x00000000ec0280b0,0x00000000ecb00000)
  to   space 4608K, 0% used [0x00000000ed400000,0x00000000ed400000,0x00000000ed880000)
 ParOldGen       total 152064K, used 32442K [0x0000000080000000, 0x0000000089480000, 0x00000000d5580000)
  object space 152064K, 21% used [0x0000000080000000,0x0000000081fae8a8,0x0000000089480000)
 Metaspace       used 40764K, capacity 42938K, committed 43136K, reserved 1087488K
  class space    used 5530K, capacity 6008K, committed 6016K, reserved 1048576K
Event: 13.673 GC heap after
Heap after GC invocations=20 (full 2):
 PSYoungGen      total 373248K, used 4596K [0x00000000d5580000, 0x00000000ed880000, 0x0000000100000000)
  eden space 368640K, 0% used [0x00000000d5580000,0x00000000d5580000,0x00000000ebd80000)
  from space 4608K, 99% used [0x00000000ed400000,0x00000000ed87d238,0x00000000ed880000)
  to   space 13824K, 0% used [0x00000000ebd80000,0x00000000ebd80000,0x00000000ecb00000)
 ParOldGen       total 152064K, used 33115K [0x0000000080000000, 0x0000000089480000, 0x00000000d5580000)
  object space 152064K, 21% used [0x0000000080000000,0x0000000082056d88,0x0000000089480000)
 Metaspace       used 40764K, capacity 42938K, committed 43136K, reserved 1087488K
  class space    used 5530K, capacity 6008K, committed 6016K, reserved 1048576K
}
Event: 14.240 GC heap before
{Heap before GC invocations=21 (full 2):
 PSYoungGen      total 373248K, used 373236K [0x00000000d5580000, 0x00000000ed880000, 0x0000000100000000)
  eden space 368640K, 100% used [0x00000000d5580000,0x00000000ebd80000,0x00000000ebd80000)
  from space 4608K, 99% used [0x00000000ed400000,0x00000000ed87d238,0x00000000ed880000)
  to   space 13824K, 0% used [0x00000000ebd80000,0x00000000ebd80000,0x00000000ecb00000)
 ParOldGen       total 152064K, used 33115K [0x0000000080000000, 0x0000000089480000, 0x00000000d5580000)
  object space 152064K, 21% used [0x0000000080000000,0x0000000082056d88,0x0000000089480000)
 Metaspace       used 40764K, capacity 42938K, committed 43136K, reserved 1087488K
  class space    used 5530K, capacity 6008K, committed 6016K, reserved 1048576K
Event: 14.246 GC heap after
Heap after GC invocations=21 (full 2):
 PSYoungGen      total 382464K, used 1792K [0x00000000d5580000, 0x00000000f1200000, 0x0000000100000000)
  eden space 368640K, 0% used [0x00000000d5580000,0x00000000d5580000,0x00000000ebd80000)
  from space 13824K, 12% used [0x00000000ebd80000,0x00000000ebf40010,0x00000000ecb00000)
  to   space 12288K, 0% used [0x00000000f0600000,0x00000000f0600000,0x00000000f1200000)
 ParOldGen       total 152064K, used 35883K [0x0000000080000000, 0x0000000089480000, 0x00000000d5580000)
  object space 152064K, 23% used [0x0000000080000000,0x000000008230ae58,0x0000000089480000)
 Metaspace       used 40764K, capacity 42938K, committed 43136K, reserved 1087488K
  class space    used 5530K, capacity 6008K, committed 6016K, reserved 1048576K
}
Event: 15.023 GC heap before
{Heap before GC invocations=22 (full 2):
 PSYoungGen      total 382464K, used 370432K [0x00000000d5580000, 0x00000000f1200000, 0x0000000100000000)
  eden space 368640K, 100% used [0x00000000d5580000,0x00000000ebd80000,0x00000000ebd80000)
  from space 13824K, 12% used [0x00000000ebd80000,0x00000000ebf40010,0x00000000ecb00000)
  to   space 12288K, 0% used [0x00000000f0600000,0x00000000f0600000,0x00000000f1200000)
 ParOldGen       total 152064K, used 35883K [0x0000000080000000, 0x0000000089480000, 0x00000000d5580000)
  object space 152064K, 23% used [0x0000000080000000,0x000000008230ae58,0x0000000089480000)
 Metaspace       used 40765K, capacity 42938K, committed 43136K, reserved 1087488K
  class space    used 5530K, capacity 6008K, committed 6016K, reserved 1048576K
Event: 15.027 GC heap after
Heap after GC invocations=22 (full 2):
 PSYoungGen      total 430592K, used 4352K [0x00000000d5580000, 0x00000000f0b80000, 0x0000000100000000)
  eden space 424960K, 0% used [0x00000000d5580000,0x00000000d5580000,0x00000000ef480000)
  from space 5632K, 77% used [0x00000000f0600000,0x00000000f0a40010,0x00000000f0b80000)
  to   space 11776K, 0% used [0x00000000ef480000,0x00000000ef480000,0x00000000f0000000)
 ParOldGen       total 152064K, used 35883K [0x0000000080000000, 0x0000000089480000, 0x00000000d5580000)
  object space 152064K, 23% used [0x0000000080000000,0x000000008230ae58,0x0000000089480000)
 Metaspace       used 40765K, capacity 42938K, committed 43136K, reserved 1087488K
  class space    used 5530K, capacity 6008K, committed 6016K, reserved 1048576K
}
Event: 15.932 GC heap before
{Heap before GC invocations=23 (full 2):
 PSYoungGen      total 430592K, used 429312K [0x00000000d5580000, 0x00000000f0b80000, 0x0000000100000000)
  eden space 424960K, 100% used [0x00000000d5580000,0x00000000ef480000,0x00000000ef480000)
  from space 5632K, 77% used [0x00000000f0600000,0x00000000f0a40010,0x00000000f0b80000)
  to   space 11776K, 0% used [0x00000000ef480000,0x00000000ef480000,0x00000000f0000000)
 ParOldGen       total 152064K, used 35883K [0x0000000080000000, 0x0000000089480000, 0x00000000d5580000)
  object space 152064K, 23% used [0x0000000080000000,0x000000008230ae58,0x0000000089480000)
 Metaspace       used 40765K, capacity 42938K, committed 43136K, reserved 1087488K
  class space    used 5530K, capacity 6008K, committed 6016K, reserved 1048576K
Event: 15.938 GC heap after
Heap after GC invocations=23 (full 2):
 PSYoungGen      total 436736K, used 7328K [0x00000000d5580000, 0x00000000f4580000, 0x0000000100000000)
  eden space 424960K, 0% used [0x00000000d5580000,0x00000000d5580000,0x00000000ef480000)
  from space 11776K, 62% used [0x00000000ef480000,0x00000000efba8010,0x00000000f0000000)
  to   space 11776K, 0% used [0x00000000f3a00000,0x00000000f3a00000,0x00000000f4580000)
 ParOldGen       total 152064K, used 35883K [0x0000000080000000, 0x0000000089480000, 0x00000000d5580000)
  object space 152064K, 23% used [0x0000000080000000,0x000000008230ae58,0x0000000089480000)
 Metaspace       used 40765K, capacity 42938K, committed 43136K, reserved 1087488K
  class space    used 5530K, capacity 6008K, committed 6016K, reserved 1048576K
}

