# JRE version: OpenJDK Runtime Environment (8.0_242-b01) (build 1.8.0_242-release-1644-b01)
# Java VM: OpenJDK 64-Bit Server VM (25.242-b01 mixed mode windows-amd64 compressed oops)
Heap:
 PSYoungGen      total 214016K, used 9929K [0x00000000d5580000, 0x00000000e5a00000, 0x0000000100000000)
  eden space 198144K, 5% used [0x00000000d5580000,0x00000000d5f324b8,0x00000000e1700000)
  from space 15872K, 0% used [0x00000000e2680000,0x00000000e2680000,0x00000000e3600000)
  to   space 15872K, 0% used [0x00000000e1700000,0x00000000e1700000,0x00000000e2680000)
 ParOldGen       total 104448K, used 13579K [0x0000000080000000, 0x0000000086600000, 0x00000000d5580000)
  object space 104448K, 13% used [0x0000000080000000,0x0000000080d42c30,0x0000000086600000)
 Metaspace       used 34429K, capacity 35724K, committed 35968K, reserved 1081344K
  class space    used 4649K, capacity 4959K, committed 4992K, reserved 1048576K
GC Heap History (10 events):
Event: 2.568 GC heap before
{Heap before GC invocations=4 (full 0):
 PSYoungGen      total 76288K, used 32297K [0x00000000d5580000, 0x00000000dea80000, 0x0000000100000000)
  eden space 65536K, 32% used [0x00000000d5580000,0x00000000d6a91990,0x00000000d9580000)
  from space 10752K, 99% used [0x00000000d9580000,0x00000000d9ff8ad8,0x00000000da000000)
  to   space 10752K, 0% used [0x00000000de000000,0x00000000de000000,0x00000000dea80000)
 ParOldGen       total 175104K, used 125K [0x0000000080000000, 0x000000008ab00000, 0x00000000d5580000)
  object space 175104K, 0% used [0x0000000080000000,0x000000008001f7e8,0x000000008ab00000)
 Metaspace       used 20335K, capacity 21196K, committed 21296K, reserved 1067008K
  class space    used 2923K, capacity 3142K, committed 3200K, reserved 1048576K
Event: 2.575 GC heap after
Heap after GC invocations=4 (full 0):
 PSYoungGen      total 141824K, used 8984K [0x00000000d5580000, 0x00000000dea80000, 0x0000000100000000)
  eden space 131072K, 0% used [0x00000000d5580000,0x00000000d5580000,0x00000000dd580000)
  from space 10752K, 83% used [0x00000000de000000,0x00000000de8c61f0,0x00000000dea80000)
  to   space 10752K, 0% used [0x00000000dd580000,0x00000000dd580000,0x00000000de000000)
 ParOldGen       total 175104K, used 133K [0x0000000080000000, 0x000000008ab00000, 0x00000000d5580000)
  object space 175104K, 0% used [0x0000000080000000,0x00000000800217e8,0x000000008ab00000)
 Metaspace       used 20335K, capacity 21196K, committed 21296K, reserved 1067008K
  class space    used 2923K, capacity 3142K, committed 3200K, reserved 1048576K
}
Event: 2.575 GC heap before
{Heap before GC invocations=5 (full 1):
 PSYoungGen      total 141824K, used 8984K [0x00000000d5580000, 0x00000000dea80000, 0x0000000100000000)
  eden space 131072K, 0% used [0x00000000d5580000,0x00000000d5580000,0x00000000dd580000)
  from space 10752K, 83% used [0x00000000de000000,0x00000000de8c61f0,0x00000000dea80000)
  to   space 10752K, 0% used [0x00000000dd580000,0x00000000dd580000,0x00000000de000000)
 ParOldGen       total 175104K, used 133K [0x0000000080000000, 0x000000008ab00000, 0x00000000d5580000)
  object space 175104K, 0% used [0x0000000080000000,0x00000000800217e8,0x000000008ab00000)
 Metaspace       used 20335K, capacity 21196K, committed 21296K, reserved 1067008K
  class space    used 2923K, capacity 3142K, committed 3200K, reserved 1048576K
Event: 2.610 GC heap after
Heap after GC invocations=5 (full 1):
 PSYoungGen      total 141824K, used 0K [0x00000000d5580000, 0x00000000dea80000, 0x0000000100000000)
  eden space 131072K, 0% used [0x00000000d5580000,0x00000000d5580000,0x00000000dd580000)
  from space 10752K, 0% used [0x00000000de000000,0x00000000de000000,0x00000000dea80000)
  to   space 10752K, 0% used [0x00000000dd580000,0x00000000dd580000,0x00000000de000000)
 ParOldGen       total 104448K, used 8809K [0x0000000080000000, 0x0000000086600000, 0x00000000d5580000)
  object space 104448K, 8% used [0x0000000080000000,0x000000008089a530,0x0000000086600000)
 Metaspace       used 20335K, capacity 21196K, committed 21296K, reserved 1067008K
  class space    used 2923K, capacity 3142K, committed 3200K, reserved 1048576K
}
Event: 5.786 GC heap before
{Heap before GC invocations=6 (full 1):
 PSYoungGen      total 141824K, used 130601K [0x00000000d5580000, 0x00000000dea80000, 0x0000000100000000)
  eden space 131072K, 99% used [0x00000000d5580000,0x00000000dd50a7c0,0x00000000dd580000)
  from space 10752K, 0% used [0x00000000de000000,0x00000000de000000,0x00000000dea80000)
  to   space 10752K, 0% used [0x00000000dd580000,0x00000000dd580000,0x00000000de000000)
 ParOldGen       total 104448K, used 8809K [0x0000000080000000, 0x0000000086600000, 0x00000000d5580000)
  object space 104448K, 8% used [0x0000000080000000,0x000000008089a530,0x0000000086600000)
 Metaspace       used 33219K, capacity 34468K, committed 34560K, reserved 1079296K
  class space    used 4542K, capacity 4822K, committed 4864K, reserved 1048576K
Event: 5.806 GC heap after
Heap after GC invocations=6 (full 1):
 PSYoungGen      total 141824K, used 10734K [0x00000000d5580000, 0x00000000e3600000, 0x0000000100000000)
  eden space 131072K, 0% used [0x00000000d5580000,0x00000000d5580000,0x00000000dd580000)
  from space 10752K, 99% used [0x00000000dd580000,0x00000000ddffbba8,0x00000000de000000)
  to   space 15872K, 0% used [0x00000000e2680000,0x00000000e2680000,0x00000000e3600000)
 ParOldGen       total 104448K, used 13792K [0x0000000080000000, 0x0000000086600000, 0x00000000d5580000)
  object space 104448K, 13% used [0x0000000080000000,0x0000000080d78360,0x0000000086600000)
 Metaspace       used 33219K, capacity 34468K, committed 34560K, reserved 1079296K
  class space    used 4542K, capacity 4822K, committed 4864K, reserved 1048576K
}
Event: 5.864 GC heap before
{Heap before GC invocations=7 (full 1):
 PSYoungGen      total 141824K, used 18011K [0x00000000d5580000, 0x00000000e3600000, 0x0000000100000000)
  eden space 131072K, 5% used [0x00000000d5580000,0x00000000d5c9b060,0x00000000dd580000)
  from space 10752K, 99% used [0x00000000dd580000,0x00000000ddffbba8,0x00000000de000000)
  to   space 15872K, 0% used [0x00000000e2680000,0x00000000e2680000,0x00000000e3600000)
 ParOldGen       total 104448K, used 13792K [0x0000000080000000, 0x0000000086600000, 0x00000000d5580000)
  object space 104448K, 13% used [0x0000000080000000,0x0000000080d78360,0x0000000086600000)
 Metaspace       used 34044K, capacity 35318K, committed 35456K, reserved 1079296K
  class space    used 4577K, capacity 4892K, committed 4992K, reserved 1048576K
Event: 5.875 GC heap after
Heap after GC invocations=7 (full 1):
 PSYoungGen      total 214016K, used 6376K [0x00000000d5580000, 0x00000000e5a00000, 0x0000000100000000)
  eden space 198144K, 0% used [0x00000000d5580000,0x00000000d5580000,0x00000000e1700000)
  from space 15872K, 40% used [0x00000000e2680000,0x00000000e2cba0c0,0x00000000e3600000)
  to   space 15872K, 0% used [0x00000000e1700000,0x00000000e1700000,0x00000000e2680000)
 ParOldGen       total 104448K, used 13792K [0x0000000080000000, 0x0000000086600000, 0x00000000d5580000)
  object space 104448K, 13% used [0x0000000080000000,0x0000000080d78360,0x0000000086600000)
 Metaspace       used 34044K, capacity 35318K, committed 35456K, reserved 1079296K
  class space    used 4577K, capacity 4892K, committed 4992K, reserved 1048576K
}
Event: 5.875 GC heap before
{Heap before GC invocations=8 (full 2):
 PSYoungGen      total 214016K, used 6376K [0x00000000d5580000, 0x00000000e5a00000, 0x0000000100000000)
  eden space 198144K, 0% used [0x00000000d5580000,0x00000000d5580000,0x00000000e1700000)
  from space 15872K, 40% used [0x00000000e2680000,0x00000000e2cba0c0,0x00000000e3600000)
  to   space 15872K, 0% used [0x00000000e1700000,0x00000000e1700000,0x00000000e2680000)
 ParOldGen       total 104448K, used 13792K [0x0000000080000000, 0x0000000086600000, 0x00000000d5580000)
  object space 104448K, 13% used [0x0000000080000000,0x0000000080d78360,0x0000000086600000)
 Metaspace       used 34044K, capacity 35318K, committed 35456K, reserved 1079296K
  class space    used 4577K, capacity 4892K, committed 4992K, reserved 1048576K
Event: 5.938 GC heap after
Heap after GC invocations=8 (full 2):
 PSYoungGen      total 214016K, used 0K [0x00000000d5580000, 0x00000000e5a00000, 0x0000000100000000)
  eden space 198144K, 0% used [0x00000000d5580000,0x00000000d5580000,0x00000000e1700000)
  from space 15872K, 0% used [0x00000000e2680000,0x00000000e2680000,0x00000000e3600000)
  to   space 15872K, 0% used [0x00000000e1700000,0x00000000e1700000,0x00000000e2680000)
 ParOldGen       total 104448K, used 13579K [0x0000000080000000, 0x0000000086600000, 0x00000000d5580000)
  object space 104448K, 13% used [0x0000000080000000,0x0000000080d42c30,0x0000000086600000)
 Metaspace       used 34032K, capacity 35306K, committed 35456K, reserved 1079296K
  class space    used 4573K, capacity 4888K, committed 4992K, reserved 1048576K
}

